SELECT UNIQUE AUTHOR, TITLE FROM CAO346.BOOK_EDITIONS;

NO INDEX:
Plan hash value: 3591375760
 
--------------------------------------------------------------------------------------
| Id  | Operation             | Name | Rows  | Bytes |TempSpc| Cost (%CPU)| Time     |
--------------------------------------------------------------------------------------
|   0 | SELECT STATEMENT      |      |  2807 |   106K|       |    41   (3)| 00:00:01 |
|   1 |  HASH UNIQUE          |      |  2807 |   106K|   144K|    41   (3)| 00:00:01 |
|   2 |   INDEX FAST FULL SCAN| E_PK |  2807 |   106K|       |     9   (0)| 00:00:01 |
--------------------------------------------------------------------------------------

WITH INDEX:
Plan hash value: 3405347025
 
--------------------------------------------------------------------------------------------------
| Id  | Operation             | Name             | Rows  | Bytes |TempSpc| Cost (%CPU)| Time     |
--------------------------------------------------------------------------------------------------
|   0 | SELECT STATEMENT      |                  |  2786 |   106K|       |    39   (3)| 00:00:01 |
|   1 |  HASH UNIQUE          |                  |  2786 |   106K|   144K|    39   (3)| 00:00:01 |
|   2 |   INDEX FAST FULL SCAN| AUTHOR_TITLE_IDX |  2807 |   106K|       |     7   (0)| 00:00:01 |
--------------------------------------------------------------------------------------------------

SELECT UNIQUE AUTHOR, TITLE FROM CAO346.BOOK_EDITIONS WHERE TITLE='Embers';

NO INDEX:
Plan hash value: 3591375760
 
------------------------------------------------------------------------------
| Id  | Operation             | Name | Rows  | Bytes | Cost (%CPU)| Time     |
------------------------------------------------------------------------------
|   0 | SELECT STATEMENT      |      |     1 |    39 |    10  (10)| 00:00:01 |
|   1 |  HASH UNIQUE          |      |     1 |    39 |    10  (10)| 00:00:01 |
|*  2 |   INDEX FAST FULL SCAN| E_PK |     1 |    39 |     9   (0)| 00:00:01 |
------------------------------------------------------------------------------
 
Predicate Information (identified by operation id):
---------------------------------------------------
 
   2 - filter("TITLE"='Embers')

WITH INDEX:
Plan hash value: 3405347025
 
------------------------------------------------------------------------------------------
| Id  | Operation             | Name             | Rows  | Bytes | Cost (%CPU)| Time     |
------------------------------------------------------------------------------------------
|   0 | SELECT STATEMENT      |                  |     1 |    39 |     8  (13)| 00:00:01 |
|   1 |  HASH UNIQUE          |                  |     1 |    39 |     8  (13)| 00:00:01 |
|*  2 |   INDEX FAST FULL SCAN| AUTHOR_TITLE_IDX |     1 |    39 |     7   (0)| 00:00:01 |
------------------------------------------------------------------------------------------
 
Predicate Information (identified by operation id):
---------------------------------------------------
 
   2 - filter("TITLE"='Embers')

WITH BITMAP INDEX:
 
------------------------------------------------------------------------------
| Id  | Operation             | Name | Rows  | Bytes | Cost (%CPU)| Time     |
------------------------------------------------------------------------------
|   0 | SELECT STATEMENT      |      |     1 |    39 |    10  (10)| 00:00:01 |
|   1 |  HASH UNIQUE          |      |     1 |    39 |    10  (10)| 00:00:01 |
|*  2 |   INDEX FAST FULL SCAN| E_PK |     1 |    39 |     9   (0)| 00:00:01 |
------------------------------------------------------------------------------
 
Predicate Information (identified by operation id):
---------------------------------------------------
 
   2 - filter("TITLE"='Embers')
